
> platepal@0.1.0 build
> next build

 ΓÜá Warning: Next.js inferred your workspace root, but it may not be correct.
 We detected multiple lockfiles and selected the directory of C:\Users\divya\package-lock.json as the root directory.
 To silence this warning, set `turbopack.root` in your Next.js config, or consider removing one of the lockfiles if it's not needed.
   See https://nextjs.org/docs/app/api-reference/config/next-config-js/turbopack#root-directory for more information.
 Detected additional lockfiles: 
   * C:\Users\divya\Documents\CODING\GitHubClones\PlatePal\platepal\package-lock.json

   Γû▓ Next.js 16.0.4 (Turbopack)

   Creating an optimized production build ...
Error: Can't resolve 'tw-animate-css' in 'C:\Users\divya\Documents\CODING\GitHubClones\PlatePal\platepal\src\app'
    [at finishWithoutResolve (C:\Users\divya\Documents\CODING\GitHubClones\PlatePal\platepal\node_modules\enhanced-resolve\lib\Resolver.js:565:18)]
    [at C:\Users\divya\Documents\CODING\GitHubClones\PlatePal\platepal\node_modules\enhanced-resolve\lib\Resolver.js:657:14]
    [at C:\Users\divya\Documents\CODING\GitHubClones\PlatePal\platepal\node_modules\enhanced-resolve\lib\Resolver.js:718:5]
    [at eval (eval at create (C:\Users\divya\Documents\CODING\GitHubClones\PlatePal\platepal\node_modules\tapable\lib\HookCodeFactory.js:31:10), <anonymous>:15:1)]
    [at C:\Users\divya\Documents\CODING\GitHubClones\PlatePal\platepal\node_modules\enhanced-resolve\lib\Resolver.js:718:5]
    [at eval (eval at create (C:\Users\divya\Documents\CODING\GitHubClones\PlatePal\platepal\node_modules\tapable\lib\HookCodeFactory.js:31:10), <anonymous>:27:1)]
    [at C:\Users\divya\Documents\CODING\GitHubClones\PlatePal\platepal\node_modules\enhanced-resolve\lib\DescriptionFilePlugin.js:89:43]
    [at C:\Users\divya\Documents\CODING\GitHubClones\PlatePal\platepal\node_modules\enhanced-resolve\lib\Resolver.js:718:5]
    [at eval (eval at create (C:\Users\divya\Documents\CODING\GitHubClones\PlatePal\platepal\node_modules\tapable\lib\HookCodeFactory.js:31:10), <anonymous>:15:1)]
    [at C:\Users\divya\Documents\CODING\GitHubClones\PlatePal\platepal\node_modules\enhanced-resolve\lib\Resolver.js:718:5] {
  details: "resolve 'tw-animate-css' in 'C:\\Users\\divya\\Documents\\CODING\\GitHubClones\\PlatePal\\platepal\\src\\app'\n" +
    '  Parsed request is a module\n' +
    '  using description file: C:\\Users\\divya\\Documents\\CODING\\GitHubClones\\PlatePal\\platepal\\package.json (relative path: ./src/app)\n' +
    '    resolve as module\n' +
    "      C:\\Users\\divya\\Documents\\CODING\\GitHubClones\\PlatePal\\platepal\\src\\app\\node_modules doesn't exist or is not a directory\n" +
    "      C:\\Users\\divya\\Documents\\CODING\\GitHubClones\\PlatePal\\platepal\\src\\node_modules doesn't exist or is not a directory\n" +
    '      looking for modules in C:\\Users\\divya\\Documents\\CODING\\GitHubClones\\PlatePal\\platepal\\node_modules\n' +
    '        single file module\n' +
    '          using description file: C:\\Users\\divya\\Documents\\CODING\\GitHubClones\\PlatePal\\platepal\\package.json (relative path: ./node_modules/tw-animate-css)\n' +
    '            no extension\n' +
    "              C:\\Users\\divya\\Documents\\CODING\\GitHubClones\\PlatePal\\platepal\\node_modules\\tw-animate-css doesn't exist\n" +
    '            .css\n' +
    "              C:\\Users\\divya\\Documents\\CODING\\GitHubClones\\PlatePal\\platepal\\node_modules\\tw-animate-css.css doesn't exist\n" +
    "        C:\\Users\\divya\\Documents\\CODING\\GitHubClones\\PlatePal\\platepal\\node_modules\\tw-animate-css doesn't exist\n" +
    "      C:\\Users\\divya\\Documents\\CODING\\GitHubClones\\PlatePal\\node_modules doesn't exist or is not a directory\n" +
    "      C:\\Users\\divya\\Documents\\CODING\\GitHubClones\\node_modules doesn't exist or is not a directory\n" +
    "      C:\\Users\\divya\\Documents\\CODING\\node_modules doesn't exist or is not a directory\n" +
    "      C:\\Users\\divya\\Documents\\node_modules doesn't exist or is not a directory\n" +
    '      looking for modules in C:\\Users\\divya\\node_modules\n' +
    '        single file module\n' +
    '          using description file: C:\\Users\\divya\\package.json (relative path: ./node_modules/tw-animate-css)\n' +
    '            no extension\n' +
    "              C:\\Users\\divya\\node_modules\\tw-animate-css doesn't exist\n" +
    '            .css\n' +
    "              C:\\Users\\divya\\node_modules\\tw-animate-css.css doesn't exist\n" +
    "        C:\\Users\\divya\\node_modules\\tw-animate-css doesn't exist\n" +
    "      C:\\Users\\node_modules doesn't exist or is not a directory\n" +
    "      C:\\node_modules doesn't exist or is not a directory"
}

> Build error occurred
Error: Turbopack build failed with 1 errors:
./Documents/CODING/GitHubClones/PlatePal/platepal/src/app/globals.css
Error evaluating Node.js code
CssSyntaxError: tailwindcss: C:\Users\divya\Documents\CODING\GitHubClones\PlatePal\platepal\src\app\globals.css:1:1: Can't resolve 'tw-animate-css' in 'C:\Users\divya\Documents\CODING\GitHubClones\PlatePal\platepal\src\app'
    at Input.error (Documents/CODING/GitHubClones/PlatePal/platepal/node_modules/postcss/lib/input.js:135:16) [C:\Users\divya\Documents\CODING\GitHubClones\PlatePal\platepal\.next\build\chunks\39fd2_280adef2._.js:4651:22]
    at Root.error (Documents/CODING/GitHubClones/PlatePal/platepal/node_modules/postcss/lib/node.js:146:32) [C:\Users\divya\Documents\CODING\GitHubClones\PlatePal\platepal\.next\build\chunks\39fd2_280adef2._.js:928:38]
    [at Object.Once (C:\Users\divya\Documents\CODING\GitHubClones\PlatePal\platepal\node_modules\@tailwindcss\postcss\dist\index.js:10:6912)]
    [at process.processTicksAndRejections (node:internal/process/task_queues:105:5)]
    at async LazyResult.runAsync (Documents/CODING/GitHubClones/PlatePal/platepal/node_modules/postcss/lib/lazy-result.js:293:11) [C:\Users\divya\Documents\CODING\GitHubClones\PlatePal\platepal\.next\build\chunks\39fd2_280adef2._.js:6206:21]
    at async transform (turbopack:///[turbopack-node]/transforms/postcss.ts:70:34) [C:\Users\divya\Documents\CODING\GitHubClones\PlatePal\platepal\.next\build\chunks\[root-of-the-server]__d803f3ed._.js:146:36]
    at async run (turbopack:///[turbopack-node]/ipc/evaluate.ts:92:23) [C:\Users\divya\Documents\CODING\GitHubClones\PlatePal\platepal\.next\build\chunks\[root-of-the-server]__04ede019._.js:443:31]

Import trace:
  Client Component Browser:
    ./Documents/CODING/GitHubClones/PlatePal/platepal/src/app/globals.css [Client Component Browser]
    ./Documents/CODING/GitHubClones/PlatePal/platepal/src/app/layout.tsx [Server Component]


    at async transform (turbopack:///[turbopack-node]/transforms/postcss.ts:70:34) [C:\Users\divya\Documents\CODING\GitHubClones\PlatePal\platepal\.next\build\chunks\[root-of-the-server]__d803f3ed._.js:146:36])
    at async run (turbopack:///[turbopack-node]/ipc/evaluate.ts:92:23) [C:\Users\divya\Documents\CODING\GitHubClones\PlatePal\platepal\.next\build\chunks\[root-of-the-server]__04ede019._.js:443:31])
